<?xml version="1.0" encoding="UTF-8"?>
<!-- Generated by org.testng.reporters.JUnitReportReporter -->
<testsuite hostname="wks60162" name="com.ecm.webautomation.tests.MyAssessmentTestCases" tests="1" failures="0" timestamp="10 Apr 2018 12:15:42 GMT" time="95.987" errors="0">
  <testcase name="guestUserCheckout" time="95.987" classname="com.ecm.webautomation.tests.MyAssessmentTestCases"/>
</testsuite> <!-- com.ecm.webautomation.tests.MyAssessmentTestCases -->
